The target system is: Linux - 1 - RISCV
The host system is: Linux - 6.16.8-061608-generic - x86_64
Compiling the C compiler identification source file "CMakeCCompilerId.c" succeeded.
Compiler: /usr/bin/linux_x86_64/bin/riscv64-unknown-elf-gcc 
Build flags: 
Id flags:  

The output was:
0


Compilation of the C compiler identification source "CMakeCCompilerId.c" produced "a.out"

The C compiler identification is GNU, found in "/home/durga/QCCSDK-QCC74x/examples/peripherals/adc/aqi_rtc_dht11/build/CMakeFiles/3.25.1/CompilerIdC/a.out"

Compiling the CXX compiler identification source file "CMakeCXXCompilerId.cpp" succeeded.
Compiler: /usr/bin/linux_x86_64/bin/riscv64-unknown-elf-g++ 
Build flags: 
Id flags:  

The output was:
0


Compilation of the CXX compiler identification source "CMakeCXXCompilerId.cpp" produced "a.out"

The CXX compiler identification is GNU, found in "/home/durga/QCCSDK-QCC74x/examples/peripherals/adc/aqi_rtc_dht11/build/CMakeFiles/3.25.1/CompilerIdCXX/a.out"

Checking whether the ASM compiler is GNU using "--version" matched "(GNU assembler)|(GCC)|(Free Software Foundation)":
riscv64-unknown-elf-gcc (GCC) 10.4.0
Copyright (C) 2020 Free Software Foundation, Inc.
This is free software; see the source for copying conditions.  There is NO
warranty; not even for MERCHANTABILITY or FITNESS FOR A PARTICULAR PURPOSE.

Detecting C compiler ABI info compiled with the following output:
Change Dir: /home/durga/QCCSDK-QCC74x/examples/peripherals/adc/aqi_rtc_dht11/build/CMakeFiles/CMakeScratch/TryCompile-zHqBr1

Run Build Command(s):/usr/bin/make -f Makefile cmTC_32898/fast && make[1]: Entering directory '/home/durga/QCCSDK-QCC74x/examples/peripherals/adc/aqi_rtc_dht11/build/CMakeFiles/CMakeScratch/TryCompile-zHqBr1'
/usr/bin/make  -f CMakeFiles/cmTC_32898.dir/build.make CMakeFiles/cmTC_32898.dir/build
make[2]: Entering directory '/home/durga/QCCSDK-QCC74x/examples/peripherals/adc/aqi_rtc_dht11/build/CMakeFiles/CMakeScratch/TryCompile-zHqBr1'
Building C object CMakeFiles/cmTC_32898.dir/CMakeCCompilerABI.c.o
/usr/bin/linux_x86_64/bin/riscv64-unknown-elf-gcc   -v -o CMakeFiles/cmTC_32898.dir/CMakeCCompilerABI.c.o -c /home/durga/QCCSDK-QCC74x/tools/cmake/share/cmake-3.25/Modules/CMakeCCompilerABI.c
Using built-in specs.
COLLECT_GCC=/usr/bin/linux_x86_64/bin/riscv64-unknown-elf-gcc
Target: riscv64-unknown-elf
Configured with: /local/mnt/workspace/balaband/Projects/QC/open_toolchain/xuantie-gnu-toolchain/riscv-gcc/configure --target=riscv64-unknown-elf CXXFLAGS='-g -O2 ' --disable-libgcctf --prefix=/opt/riscv --disable-shared --enable-threads=posix --enable-languages=c,c++ --with-system-zlib --enable-tls --with-newlib --with-sysroot=/opt/riscv/riscv64-unknown-elf --with-native-system-header-dir=/include --disable-libmudflap --disable-libssp --disable-libquadmath --disable-libgomp --disable-nls --disable-tm-clone-registry --src=.././riscv-gcc --enable-multilib --with-abi=lp64d --with-arch=rv64imafdc 'CFLAGS_FOR_TARGET=-Os   -mcmodel=medlow' 'CXXFLAGS_FOR_TARGET=-Os   -mcmodel=medlow'
Thread model: posix
Supported LTO compression algorithms: zlib
gcc version 10.4.0 (GCC) 
COLLECT_GCC_OPTIONS='-v' '-o' 'CMakeFiles/cmTC_32898.dir/CMakeCCompilerABI.c.o' '-c' '-march=rv64imafdc' '-mabi=lp64d' '-march=rv64imafdc'
 /usr/bin/linux_x86_64/bin/../libexec/gcc/riscv64-unknown-elf/10.4.0/cc1 -quiet -v -imultilib . -iprefix /usr/bin/linux_x86_64/bin/../lib/gcc/riscv64-unknown-elf/10.4.0/ -isysroot /usr/bin/linux_x86_64/bin/../riscv64-unknown-elf /home/durga/QCCSDK-QCC74x/tools/cmake/share/cmake-3.25/Modules/CMakeCCompilerABI.c -quiet -dumpbase CMakeCCompilerABI.c -march=rv64imafdc -mabi=lp64d -march=rv64imafdc -auxbase-strip CMakeFiles/cmTC_32898.dir/CMakeCCompilerABI.c.o -version -o /tmp/ccpPlW0W.s
GNU C17 (GCC) version 10.4.0 (riscv64-unknown-elf)
	compiled by GNU C version 9.4.0, GMP version 6.2.0, MPFR version 4.0.2, MPC version 1.1.0, isl version none
GGC heuristics: --param ggc-min-expand=100 --param ggc-min-heapsize=131072
ignoring duplicate directory "/usr/bin/linux_x86_64/bin/../lib/gcc/../../lib/gcc/riscv64-unknown-elf/10.4.0/include"
ignoring nonexistent directory "/usr/bin/linux_x86_64/bin/../riscv64-unknown-elf/usr/local/include"
ignoring duplicate directory "/usr/bin/linux_x86_64/bin/../lib/gcc/../../lib/gcc/riscv64-unknown-elf/10.4.0/include-fixed"
ignoring duplicate directory "/usr/bin/linux_x86_64/bin/../lib/gcc/../../lib/gcc/riscv64-unknown-elf/10.4.0/../../../../riscv64-unknown-elf/include"
ignoring duplicate directory "/usr/bin/linux_x86_64/bin/../riscv64-unknown-elf/include"
#include "..." search starts here:
#include <...> search starts here:
 /usr/bin/linux_x86_64/bin/../lib/gcc/riscv64-unknown-elf/10.4.0/include
 /usr/bin/linux_x86_64/bin/../lib/gcc/riscv64-unknown-elf/10.4.0/include-fixed
 /usr/bin/linux_x86_64/bin/../lib/gcc/riscv64-unknown-elf/10.4.0/../../../../riscv64-unknown-elf/include
End of search list.
GNU C17 (GCC) version 10.4.0 (riscv64-unknown-elf)
	compiled by GNU C version 9.4.0, GMP version 6.2.0, MPFR version 4.0.2, MPC version 1.1.0, isl version none
GGC heuristics: --param ggc-min-expand=100 --param ggc-min-heapsize=131072
Compiler executable checksum: 5aff4b1a37488955e5e9dd7a734e0d3f
COLLECT_GCC_OPTIONS='-v' '-o' 'CMakeFiles/cmTC_32898.dir/CMakeCCompilerABI.c.o' '-c' '-march=rv64imafdc' '-mabi=lp64d' '-march=rv64imafdc'
 /usr/bin/linux_x86_64/bin/../lib/gcc/riscv64-unknown-elf/10.4.0/../../../../riscv64-unknown-elf/bin/as -v --traditional-format -march=rv64imafdc -march=rv64imafdc -mabi=lp64d -o CMakeFiles/cmTC_32898.dir/CMakeCCompilerABI.c.o /tmp/ccpPlW0W.s
GNU assembler version 2.35 (riscv64-unknown-elf) using BFD version (GNU Binutils) 2.35
COMPILER_PATH=/usr/bin/linux_x86_64/bin/../libexec/gcc/riscv64-unknown-elf/10.4.0/:/usr/bin/linux_x86_64/bin/../libexec/gcc/:/usr/bin/linux_x86_64/bin/../lib/gcc/riscv64-unknown-elf/10.4.0/../../../../riscv64-unknown-elf/bin/
LIBRARY_PATH=/usr/bin/linux_x86_64/bin/../lib/gcc/riscv64-unknown-elf/10.4.0/:/usr/bin/linux_x86_64/bin/../lib/gcc/:/usr/bin/linux_x86_64/bin/../lib/gcc/riscv64-unknown-elf/10.4.0/../../../../riscv64-unknown-elf/lib/:/usr/bin/linux_x86_64/bin/../riscv64-unknown-elf/lib/
COLLECT_GCC_OPTIONS='-v' '-o' 'CMakeFiles/cmTC_32898.dir/CMakeCCompilerABI.c.o' '-c' '-march=rv64imafdc' '-mabi=lp64d' '-march=rv64imafdc'
Linking C executable cmTC_32898
/home/durga/QCCSDK-QCC74x/tools/cmake/bin/cmake -E cmake_link_script CMakeFiles/cmTC_32898.dir/link.txt --verbose=1
/usr/bin/linux_x86_64/bin/riscv64-unknown-elf-gcc  -v CMakeFiles/cmTC_32898.dir/CMakeCCompilerABI.c.o -o cmTC_32898 
Using built-in specs.
COLLECT_GCC=/usr/bin/linux_x86_64/bin/riscv64-unknown-elf-gcc
COLLECT_LTO_WRAPPER=/usr/bin/linux_x86_64/bin/../libexec/gcc/riscv64-unknown-elf/10.4.0/lto-wrapper
Target: riscv64-unknown-elf
Configured with: /local/mnt/workspace/balaband/Projects/QC/open_toolchain/xuantie-gnu-toolchain/riscv-gcc/configure --target=riscv64-unknown-elf CXXFLAGS='-g -O2 ' --disable-libgcctf --prefix=/opt/riscv --disable-shared --enable-threads=posix --enable-languages=c,c++ --with-system-zlib --enable-tls --with-newlib --with-sysroot=/opt/riscv/riscv64-unknown-elf --with-native-system-header-dir=/include --disable-libmudflap --disable-libssp --disable-libquadmath --disable-libgomp --disable-nls --disable-tm-clone-registry --src=.././riscv-gcc --enable-multilib --with-abi=lp64d --with-arch=rv64imafdc 'CFLAGS_FOR_TARGET=-Os   -mcmodel=medlow' 'CXXFLAGS_FOR_TARGET=-Os   -mcmodel=medlow'
Thread model: posix
Supported LTO compression algorithms: zlib
gcc version 10.4.0 (GCC) 
COMPILER_PATH=/usr/bin/linux_x86_64/bin/../libexec/gcc/riscv64-unknown-elf/10.4.0/:/usr/bin/linux_x86_64/bin/../libexec/gcc/:/usr/bin/linux_x86_64/bin/../lib/gcc/riscv64-unknown-elf/10.4.0/../../../../riscv64-unknown-elf/bin/
LIBRARY_PATH=/usr/bin/linux_x86_64/bin/../lib/gcc/riscv64-unknown-elf/10.4.0/:/usr/bin/linux_x86_64/bin/../lib/gcc/:/usr/bin/linux_x86_64/bin/../lib/gcc/riscv64-unknown-elf/10.4.0/../../../../riscv64-unknown-elf/lib/:/usr/bin/linux_x86_64/bin/../riscv64-unknown-elf/lib/
COLLECT_GCC_OPTIONS='-v' '-o' 'cmTC_32898' '-march=rv64imafdc' '-mabi=lp64d' '-march=rv64imafdc'
 /usr/bin/linux_x86_64/bin/../libexec/gcc/riscv64-unknown-elf/10.4.0/collect2 -plugin /usr/bin/linux_x86_64/bin/../libexec/gcc/riscv64-unknown-elf/10.4.0/liblto_plugin.so -plugin-opt=/usr/bin/linux_x86_64/bin/../libexec/gcc/riscv64-unknown-elf/10.4.0/lto-wrapper -plugin-opt=-fresolution=/tmp/ccKsEjcq.res -plugin-opt=-pass-through=-lgcc -plugin-opt=-pass-through=-lc -plugin-opt=-pass-through=-lgloss -plugin-opt=-pass-through=-lgcc --sysroot=/usr/bin/linux_x86_64/bin/../riscv64-unknown-elf -melf64lriscv -o cmTC_32898 /usr/bin/linux_x86_64/bin/../lib/gcc/riscv64-unknown-elf/10.4.0/../../../../riscv64-unknown-elf/lib/crt0.o /usr/bin/linux_x86_64/bin/../lib/gcc/riscv64-unknown-elf/10.4.0/crtbegin.o -L/usr/bin/linux_x86_64/bin/../lib/gcc/riscv64-unknown-elf/10.4.0 -L/usr/bin/linux_x86_64/bin/../lib/gcc -L/usr/bin/linux_x86_64/bin/../lib/gcc/riscv64-unknown-elf/10.4.0/../../../../riscv64-unknown-elf/lib -L/usr/bin/linux_x86_64/bin/../riscv64-unknown-elf/lib CMakeFiles/cmTC_32898.dir/CMakeCCompilerABI.c.o -lgcc --start-group -lc -lgloss --end-group -lgcc /usr/bin/linux_x86_64/bin/../lib/gcc/riscv64-unknown-elf/10.4.0/crtend.o
COLLECT_GCC_OPTIONS='-v' '-o' 'cmTC_32898' '-march=rv64imafdc' '-mabi=lp64d' '-march=rv64imafdc'
make[2]: Leaving directory '/home/durga/QCCSDK-QCC74x/examples/peripherals/adc/aqi_rtc_dht11/build/CMakeFiles/CMakeScratch/TryCompile-zHqBr1'
make[1]: Leaving directory '/home/durga/QCCSDK-QCC74x/examples/peripherals/adc/aqi_rtc_dht11/build/CMakeFiles/CMakeScratch/TryCompile-zHqBr1'



Parsed C implicit include dir info from above output: rv=done
  found start of include info
  found start of implicit include info
    add: [/usr/bin/linux_x86_64/bin/../lib/gcc/riscv64-unknown-elf/10.4.0/include]
    add: [/usr/bin/linux_x86_64/bin/../lib/gcc/riscv64-unknown-elf/10.4.0/include-fixed]
    add: [/usr/bin/linux_x86_64/bin/../lib/gcc/riscv64-unknown-elf/10.4.0/../../../../riscv64-unknown-elf/include]
  end of search list found
  collapse include dir [/usr/bin/linux_x86_64/bin/../lib/gcc/riscv64-unknown-elf/10.4.0/include] ==> [/usr/bin/linux_x86_64/lib/gcc/riscv64-unknown-elf/10.4.0/include]
  collapse include dir [/usr/bin/linux_x86_64/bin/../lib/gcc/riscv64-unknown-elf/10.4.0/include-fixed] ==> [/usr/bin/linux_x86_64/lib/gcc/riscv64-unknown-elf/10.4.0/include-fixed]
  collapse include dir [/usr/bin/linux_x86_64/bin/../lib/gcc/riscv64-unknown-elf/10.4.0/../../../../riscv64-unknown-elf/include] ==> [/usr/bin/linux_x86_64/riscv64-unknown-elf/include]
  implicit include dirs: [/usr/bin/linux_x86_64/lib/gcc/riscv64-unknown-elf/10.4.0/include;/usr/bin/linux_x86_64/lib/gcc/riscv64-unknown-elf/10.4.0/include-fixed;/usr/bin/linux_x86_64/riscv64-unknown-elf/include]


Parsed C implicit link information from above output:
  link line regex: [^( *|.*[/\])(riscv64-unknown-elf-ld|CMAKE_LINK_STARTFILE-NOTFOUND|([^/\]+-)?ld|collect2)[^/\]*( |$)]
  ignore line: [Change Dir: /home/durga/QCCSDK-QCC74x/examples/peripherals/adc/aqi_rtc_dht11/build/CMakeFiles/CMakeScratch/TryCompile-zHqBr1]
  ignore line: []
  ignore line: [Run Build Command(s):/usr/bin/make -f Makefile cmTC_32898/fast && make[1]: Entering directory '/home/durga/QCCSDK-QCC74x/examples/peripherals/adc/aqi_rtc_dht11/build/CMakeFiles/CMakeScratch/TryCompile-zHqBr1']
  ignore line: [/usr/bin/make  -f CMakeFiles/cmTC_32898.dir/build.make CMakeFiles/cmTC_32898.dir/build]
  ignore line: [make[2]: Entering directory '/home/durga/QCCSDK-QCC74x/examples/peripherals/adc/aqi_rtc_dht11/build/CMakeFiles/CMakeScratch/TryCompile-zHqBr1']
  ignore line: [Building C object CMakeFiles/cmTC_32898.dir/CMakeCCompilerABI.c.o]
  ignore line: [/usr/bin/linux_x86_64/bin/riscv64-unknown-elf-gcc   -v -o CMakeFiles/cmTC_32898.dir/CMakeCCompilerABI.c.o -c /home/durga/QCCSDK-QCC74x/tools/cmake/share/cmake-3.25/Modules/CMakeCCompilerABI.c]
  ignore line: [Using built-in specs.]
  ignore line: [COLLECT_GCC=/usr/bin/linux_x86_64/bin/riscv64-unknown-elf-gcc]
  ignore line: [Target: riscv64-unknown-elf]
  ignore line: [Configured with: /local/mnt/workspace/balaband/Projects/QC/open_toolchain/xuantie-gnu-toolchain/riscv-gcc/configure --target=riscv64-unknown-elf CXXFLAGS='-g -O2 ' --disable-libgcctf --prefix=/opt/riscv --disable-shared --enable-threads=posix --enable-languages=c c++ --with-system-zlib --enable-tls --with-newlib --with-sysroot=/opt/riscv/riscv64-unknown-elf --with-native-system-header-dir=/include --disable-libmudflap --disable-libssp --disable-libquadmath --disable-libgomp --disable-nls --disable-tm-clone-registry --src=.././riscv-gcc --enable-multilib --with-abi=lp64d --with-arch=rv64imafdc 'CFLAGS_FOR_TARGET=-Os   -mcmodel=medlow' 'CXXFLAGS_FOR_TARGET=-Os   -mcmodel=medlow']
  ignore line: [Thread model: posix]
  ignore line: [Supported LTO compression algorithms: zlib]
  ignore line: [gcc version 10.4.0 (GCC) ]
  ignore line: [COLLECT_GCC_OPTIONS='-v' '-o' 'CMakeFiles/cmTC_32898.dir/CMakeCCompilerABI.c.o' '-c' '-march=rv64imafdc' '-mabi=lp64d' '-march=rv64imafdc']
  ignore line: [ /usr/bin/linux_x86_64/bin/../libexec/gcc/riscv64-unknown-elf/10.4.0/cc1 -quiet -v -imultilib . -iprefix /usr/bin/linux_x86_64/bin/../lib/gcc/riscv64-unknown-elf/10.4.0/ -isysroot /usr/bin/linux_x86_64/bin/../riscv64-unknown-elf /home/durga/QCCSDK-QCC74x/tools/cmake/share/cmake-3.25/Modules/CMakeCCompilerABI.c -quiet -dumpbase CMakeCCompilerABI.c -march=rv64imafdc -mabi=lp64d -march=rv64imafdc -auxbase-strip CMakeFiles/cmTC_32898.dir/CMakeCCompilerABI.c.o -version -o /tmp/ccpPlW0W.s]
  ignore line: [GNU C17 (GCC) version 10.4.0 (riscv64-unknown-elf)]
  ignore line: [	compiled by GNU C version 9.4.0  GMP version 6.2.0  MPFR version 4.0.2  MPC version 1.1.0  isl version none]
  ignore line: [GGC heuristics: --param ggc-min-expand=100 --param ggc-min-heapsize=131072]
  ignore line: [ignoring duplicate directory "/usr/bin/linux_x86_64/bin/../lib/gcc/../../lib/gcc/riscv64-unknown-elf/10.4.0/include"]
  ignore line: [ignoring nonexistent directory "/usr/bin/linux_x86_64/bin/../riscv64-unknown-elf/usr/local/include"]
  ignore line: [ignoring duplicate directory "/usr/bin/linux_x86_64/bin/../lib/gcc/../../lib/gcc/riscv64-unknown-elf/10.4.0/include-fixed"]
  ignore line: [ignoring duplicate directory "/usr/bin/linux_x86_64/bin/../lib/gcc/../../lib/gcc/riscv64-unknown-elf/10.4.0/../../../../riscv64-unknown-elf/include"]
  ignore line: [ignoring duplicate directory "/usr/bin/linux_x86_64/bin/../riscv64-unknown-elf/include"]
  ignore line: [#include "..." search starts here:]
  ignore line: [#include <...> search starts here:]
  ignore line: [ /usr/bin/linux_x86_64/bin/../lib/gcc/riscv64-unknown-elf/10.4.0/include]
  ignore line: [ /usr/bin/linux_x86_64/bin/../lib/gcc/riscv64-unknown-elf/10.4.0/include-fixed]
  ignore line: [ /usr/bin/linux_x86_64/bin/../lib/gcc/riscv64-unknown-elf/10.4.0/../../../../riscv64-unknown-elf/include]
  ignore line: [End of search list.]
  ignore line: [GNU C17 (GCC) version 10.4.0 (riscv64-unknown-elf)]
  ignore line: [	compiled by GNU C version 9.4.0  GMP version 6.2.0  MPFR version 4.0.2  MPC version 1.1.0  isl version none]
  ignore line: [GGC heuristics: --param ggc-min-expand=100 --param ggc-min-heapsize=131072]
  ignore line: [Compiler executable checksum: 5aff4b1a37488955e5e9dd7a734e0d3f]
  ignore line: [COLLECT_GCC_OPTIONS='-v' '-o' 'CMakeFiles/cmTC_32898.dir/CMakeCCompilerABI.c.o' '-c' '-march=rv64imafdc' '-mabi=lp64d' '-march=rv64imafdc']
  ignore line: [ /usr/bin/linux_x86_64/bin/../lib/gcc/riscv64-unknown-elf/10.4.0/../../../../riscv64-unknown-elf/bin/as -v --traditional-format -march=rv64imafdc -march=rv64imafdc -mabi=lp64d -o CMakeFiles/cmTC_32898.dir/CMakeCCompilerABI.c.o /tmp/ccpPlW0W.s]
  ignore line: [GNU assembler version 2.35 (riscv64-unknown-elf) using BFD version (GNU Binutils) 2.35]
  ignore line: [COMPILER_PATH=/usr/bin/linux_x86_64/bin/../libexec/gcc/riscv64-unknown-elf/10.4.0/:/usr/bin/linux_x86_64/bin/../libexec/gcc/:/usr/bin/linux_x86_64/bin/../lib/gcc/riscv64-unknown-elf/10.4.0/../../../../riscv64-unknown-elf/bin/]
  ignore line: [LIBRARY_PATH=/usr/bin/linux_x86_64/bin/../lib/gcc/riscv64-unknown-elf/10.4.0/:/usr/bin/linux_x86_64/bin/../lib/gcc/:/usr/bin/linux_x86_64/bin/../lib/gcc/riscv64-unknown-elf/10.4.0/../../../../riscv64-unknown-elf/lib/:/usr/bin/linux_x86_64/bin/../riscv64-unknown-elf/lib/]
  ignore line: [COLLECT_GCC_OPTIONS='-v' '-o' 'CMakeFiles/cmTC_32898.dir/CMakeCCompilerABI.c.o' '-c' '-march=rv64imafdc' '-mabi=lp64d' '-march=rv64imafdc']
  ignore line: [Linking C executable cmTC_32898]
  ignore line: [/home/durga/QCCSDK-QCC74x/tools/cmake/bin/cmake -E cmake_link_script CMakeFiles/cmTC_32898.dir/link.txt --verbose=1]
  ignore line: [/usr/bin/linux_x86_64/bin/riscv64-unknown-elf-gcc  -v CMakeFiles/cmTC_32898.dir/CMakeCCompilerABI.c.o -o cmTC_32898 ]
  ignore line: [Using built-in specs.]
  ignore line: [COLLECT_GCC=/usr/bin/linux_x86_64/bin/riscv64-unknown-elf-gcc]
  ignore line: [COLLECT_LTO_WRAPPER=/usr/bin/linux_x86_64/bin/../libexec/gcc/riscv64-unknown-elf/10.4.0/lto-wrapper]
  ignore line: [Target: riscv64-unknown-elf]
  ignore line: [Configured with: /local/mnt/workspace/balaband/Projects/QC/open_toolchain/xuantie-gnu-toolchain/riscv-gcc/configure --target=riscv64-unknown-elf CXXFLAGS='-g -O2 ' --disable-libgcctf --prefix=/opt/riscv --disable-shared --enable-threads=posix --enable-languages=c c++ --with-system-zlib --enable-tls --with-newlib --with-sysroot=/opt/riscv/riscv64-unknown-elf --with-native-system-header-dir=/include --disable-libmudflap --disable-libssp --disable-libquadmath --disable-libgomp --disable-nls --disable-tm-clone-registry --src=.././riscv-gcc --enable-multilib --with-abi=lp64d --with-arch=rv64imafdc 'CFLAGS_FOR_TARGET=-Os   -mcmodel=medlow' 'CXXFLAGS_FOR_TARGET=-Os   -mcmodel=medlow']
  ignore line: [Thread model: posix]
  ignore line: [Supported LTO compression algorithms: zlib]
  ignore line: [gcc version 10.4.0 (GCC) ]
  ignore line: [COMPILER_PATH=/usr/bin/linux_x86_64/bin/../libexec/gcc/riscv64-unknown-elf/10.4.0/:/usr/bin/linux_x86_64/bin/../libexec/gcc/:/usr/bin/linux_x86_64/bin/../lib/gcc/riscv64-unknown-elf/10.4.0/../../../../riscv64-unknown-elf/bin/]
  ignore line: [LIBRARY_PATH=/usr/bin/linux_x86_64/bin/../lib/gcc/riscv64-unknown-elf/10.4.0/:/usr/bin/linux_x86_64/bin/../lib/gcc/:/usr/bin/linux_x86_64/bin/../lib/gcc/riscv64-unknown-elf/10.4.0/../../../../riscv64-unknown-elf/lib/:/usr/bin/linux_x86_64/bin/../riscv64-unknown-elf/lib/]
  ignore line: [COLLECT_GCC_OPTIONS='-v' '-o' 'cmTC_32898' '-march=rv64imafdc' '-mabi=lp64d' '-march=rv64imafdc']
  link line: [ /usr/bin/linux_x86_64/bin/../libexec/gcc/riscv64-unknown-elf/10.4.0/collect2 -plugin /usr/bin/linux_x86_64/bin/../libexec/gcc/riscv64-unknown-elf/10.4.0/liblto_plugin.so -plugin-opt=/usr/bin/linux_x86_64/bin/../libexec/gcc/riscv64-unknown-elf/10.4.0/lto-wrapper -plugin-opt=-fresolution=/tmp/ccKsEjcq.res -plugin-opt=-pass-through=-lgcc -plugin-opt=-pass-through=-lc -plugin-opt=-pass-through=-lgloss -plugin-opt=-pass-through=-lgcc --sysroot=/usr/bin/linux_x86_64/bin/../riscv64-unknown-elf -melf64lriscv -o cmTC_32898 /usr/bin/linux_x86_64/bin/../lib/gcc/riscv64-unknown-elf/10.4.0/../../../../riscv64-unknown-elf/lib/crt0.o /usr/bin/linux_x86_64/bin/../lib/gcc/riscv64-unknown-elf/10.4.0/crtbegin.o -L/usr/bin/linux_x86_64/bin/../lib/gcc/riscv64-unknown-elf/10.4.0 -L/usr/bin/linux_x86_64/bin/../lib/gcc -L/usr/bin/linux_x86_64/bin/../lib/gcc/riscv64-unknown-elf/10.4.0/../../../../riscv64-unknown-elf/lib -L/usr/bin/linux_x86_64/bin/../riscv64-unknown-elf/lib CMakeFiles/cmTC_32898.dir/CMakeCCompilerABI.c.o -lgcc --start-group -lc -lgloss --end-group -lgcc /usr/bin/linux_x86_64/bin/../lib/gcc/riscv64-unknown-elf/10.4.0/crtend.o]
    arg [/usr/bin/linux_x86_64/bin/../libexec/gcc/riscv64-unknown-elf/10.4.0/collect2] ==> ignore
    arg [-plugin] ==> ignore
    arg [/usr/bin/linux_x86_64/bin/../libexec/gcc/riscv64-unknown-elf/10.4.0/liblto_plugin.so] ==> ignore
    arg [-plugin-opt=/usr/bin/linux_x86_64/bin/../libexec/gcc/riscv64-unknown-elf/10.4.0/lto-wrapper] ==> ignore
    arg [-plugin-opt=-fresolution=/tmp/ccKsEjcq.res] ==> ignore
    arg [-plugin-opt=-pass-through=-lgcc] ==> ignore
    arg [-plugin-opt=-pass-through=-lc] ==> ignore
    arg [-plugin-opt=-pass-through=-lgloss] ==> ignore
    arg [-plugin-opt=-pass-through=-lgcc] ==> ignore
    arg [--sysroot=/usr/bin/linux_x86_64/bin/../riscv64-unknown-elf] ==> ignore
    arg [-melf64lriscv] ==> ignore
    arg [-o] ==> ignore
    arg [cmTC_32898] ==> ignore
    arg [/usr/bin/linux_x86_64/bin/../lib/gcc/riscv64-unknown-elf/10.4.0/../../../../riscv64-unknown-elf/lib/crt0.o] ==> obj [/usr/bin/linux_x86_64/bin/../lib/gcc/riscv64-unknown-elf/10.4.0/../../../../riscv64-unknown-elf/lib/crt0.o]
    arg [/usr/bin/linux_x86_64/bin/../lib/gcc/riscv64-unknown-elf/10.4.0/crtbegin.o] ==> obj [/usr/bin/linux_x86_64/bin/../lib/gcc/riscv64-unknown-elf/10.4.0/crtbegin.o]
    arg [-L/usr/bin/linux_x86_64/bin/../lib/gcc/riscv64-unknown-elf/10.4.0] ==> dir [/usr/bin/linux_x86_64/bin/../lib/gcc/riscv64-unknown-elf/10.4.0]
    arg [-L/usr/bin/linux_x86_64/bin/../lib/gcc] ==> dir [/usr/bin/linux_x86_64/bin/../lib/gcc]
    arg [-L/usr/bin/linux_x86_64/bin/../lib/gcc/riscv64-unknown-elf/10.4.0/../../../../riscv64-unknown-elf/lib] ==> dir [/usr/bin/linux_x86_64/bin/../lib/gcc/riscv64-unknown-elf/10.4.0/../../../../riscv64-unknown-elf/lib]
    arg [-L/usr/bin/linux_x86_64/bin/../riscv64-unknown-elf/lib] ==> dir [/usr/bin/linux_x86_64/bin/../riscv64-unknown-elf/lib]
    arg [CMakeFiles/cmTC_32898.dir/CMakeCCompilerABI.c.o] ==> ignore
    arg [-lgcc] ==> lib [gcc]
    arg [--start-group] ==> ignore
    arg [-lc] ==> lib [c]
    arg [-lgloss] ==> lib [gloss]
    arg [--end-group] ==> ignore
    arg [-lgcc] ==> lib [gcc]
    arg [/usr/bin/linux_x86_64/bin/../lib/gcc/riscv64-unknown-elf/10.4.0/crtend.o] ==> obj [/usr/bin/linux_x86_64/bin/../lib/gcc/riscv64-unknown-elf/10.4.0/crtend.o]
  collapse obj [/usr/bin/linux_x86_64/bin/../lib/gcc/riscv64-unknown-elf/10.4.0/../../../../riscv64-unknown-elf/lib/crt0.o] ==> [/usr/bin/linux_x86_64/riscv64-unknown-elf/lib/crt0.o]
  collapse obj [/usr/bin/linux_x86_64/bin/../lib/gcc/riscv64-unknown-elf/10.4.0/crtbegin.o] ==> [/usr/bin/linux_x86_64/lib/gcc/riscv64-unknown-elf/10.4.0/crtbegin.o]
  collapse obj [/usr/bin/linux_x86_64/bin/../lib/gcc/riscv64-unknown-elf/10.4.0/crtend.o] ==> [/usr/bin/linux_x86_64/lib/gcc/riscv64-unknown-elf/10.4.0/crtend.o]
  collapse library dir [/usr/bin/linux_x86_64/bin/../lib/gcc/riscv64-unknown-elf/10.4.0] ==> [/usr/bin/linux_x86_64/lib/gcc/riscv64-unknown-elf/10.4.0]
  collapse library dir [/usr/bin/linux_x86_64/bin/../lib/gcc] ==> [/usr/bin/linux_x86_64/lib/gcc]
  collapse library dir [/usr/bin/linux_x86_64/bin/../lib/gcc/riscv64-unknown-elf/10.4.0/../../../../riscv64-unknown-elf/lib] ==> [/usr/bin/linux_x86_64/riscv64-unknown-elf/lib]
  collapse library dir [/usr/bin/linux_x86_64/bin/../riscv64-unknown-elf/lib] ==> [/usr/bin/linux_x86_64/riscv64-unknown-elf/lib]
  implicit libs: [gcc;c;gloss;gcc]
  implicit objs: [/usr/bin/linux_x86_64/riscv64-unknown-elf/lib/crt0.o;/usr/bin/linux_x86_64/lib/gcc/riscv64-unknown-elf/10.4.0/crtbegin.o;/usr/bin/linux_x86_64/lib/gcc/riscv64-unknown-elf/10.4.0/crtend.o]
  implicit dirs: [/usr/bin/linux_x86_64/lib/gcc/riscv64-unknown-elf/10.4.0;/usr/bin/linux_x86_64/lib/gcc;/usr/bin/linux_x86_64/riscv64-unknown-elf/lib]
  implicit fwks: []


Detecting CXX compiler ABI info compiled with the following output:
Change Dir: /home/durga/QCCSDK-QCC74x/examples/peripherals/adc/aqi_rtc_dht11/build/CMakeFiles/CMakeScratch/TryCompile-HSFFe3

Run Build Command(s):/usr/bin/make -f Makefile cmTC_d1873/fast && make[1]: Entering directory '/home/durga/QCCSDK-QCC74x/examples/peripherals/adc/aqi_rtc_dht11/build/CMakeFiles/CMakeScratch/TryCompile-HSFFe3'
/usr/bin/make  -f CMakeFiles/cmTC_d1873.dir/build.make CMakeFiles/cmTC_d1873.dir/build
make[2]: Entering directory '/home/durga/QCCSDK-QCC74x/examples/peripherals/adc/aqi_rtc_dht11/build/CMakeFiles/CMakeScratch/TryCompile-HSFFe3'
Building CXX object CMakeFiles/cmTC_d1873.dir/CMakeCXXCompilerABI.cpp.o
/usr/bin/linux_x86_64/bin/riscv64-unknown-elf-g++   -v -o CMakeFiles/cmTC_d1873.dir/CMakeCXXCompilerABI.cpp.o -c /home/durga/QCCSDK-QCC74x/tools/cmake/share/cmake-3.25/Modules/CMakeCXXCompilerABI.cpp
Using built-in specs.
COLLECT_GCC=/usr/bin/linux_x86_64/bin/riscv64-unknown-elf-g++
Target: riscv64-unknown-elf
Configured with: /local/mnt/workspace/balaband/Projects/QC/open_toolchain/xuantie-gnu-toolchain/riscv-gcc/configure --target=riscv64-unknown-elf CXXFLAGS='-g -O2 ' --disable-libgcctf --prefix=/opt/riscv --disable-shared --enable-threads=posix --enable-languages=c,c++ --with-system-zlib --enable-tls --with-newlib --with-sysroot=/opt/riscv/riscv64-unknown-elf --with-native-system-header-dir=/include --disable-libmudflap --disable-libssp --disable-libquadmath --disable-libgomp --disable-nls --disable-tm-clone-registry --src=.././riscv-gcc --enable-multilib --with-abi=lp64d --with-arch=rv64imafdc 'CFLAGS_FOR_TARGET=-Os   -mcmodel=medlow' 'CXXFLAGS_FOR_TARGET=-Os   -mcmodel=medlow'
Thread model: posix
Supported LTO compression algorithms: zlib
gcc version 10.4.0 (GCC) 
COLLECT_GCC_OPTIONS='-v' '-o' 'CMakeFiles/cmTC_d1873.dir/CMakeCXXCompilerABI.cpp.o' '-c' '-march=rv64imafdc' '-mabi=lp64d' '-march=rv64imafdc'
 /usr/bin/linux_x86_64/bin/../libexec/gcc/riscv64-unknown-elf/10.4.0/cc1plus -quiet -v -imultilib . -iprefix /usr/bin/linux_x86_64/bin/../lib/gcc/riscv64-unknown-elf/10.4.0/ -isysroot /usr/bin/linux_x86_64/bin/../riscv64-unknown-elf /home/durga/QCCSDK-QCC74x/tools/cmake/share/cmake-3.25/Modules/CMakeCXXCompilerABI.cpp -quiet -dumpbase CMakeCXXCompilerABI.cpp -march=rv64imafdc -mabi=lp64d -march=rv64imafdc -auxbase-strip CMakeFiles/cmTC_d1873.dir/CMakeCXXCompilerABI.cpp.o -version -o /tmp/ccZcDO21.s
GNU C++14 (GCC) version 10.4.0 (riscv64-unknown-elf)
	compiled by GNU C version 9.4.0, GMP version 6.2.0, MPFR version 4.0.2, MPC version 1.1.0, isl version none
GGC heuristics: --param ggc-min-expand=100 --param ggc-min-heapsize=131072
ignoring duplicate directory "/usr/bin/linux_x86_64/bin/../lib/gcc/../../lib/gcc/riscv64-unknown-elf/10.4.0/../../../../riscv64-unknown-elf/include/c++/10.4.0"
ignoring duplicate directory "/usr/bin/linux_x86_64/bin/../lib/gcc/../../lib/gcc/riscv64-unknown-elf/10.4.0/../../../../riscv64-unknown-elf/include/c++/10.4.0/riscv64-unknown-elf/."
ignoring duplicate directory "/usr/bin/linux_x86_64/bin/../lib/gcc/../../lib/gcc/riscv64-unknown-elf/10.4.0/../../../../riscv64-unknown-elf/include/c++/10.4.0/backward"
ignoring duplicate directory "/usr/bin/linux_x86_64/bin/../lib/gcc/../../lib/gcc/riscv64-unknown-elf/10.4.0/include"
ignoring nonexistent directory "/usr/bin/linux_x86_64/bin/../riscv64-unknown-elf/usr/local/include"
ignoring duplicate directory "/usr/bin/linux_x86_64/bin/../lib/gcc/../../lib/gcc/riscv64-unknown-elf/10.4.0/include-fixed"
ignoring duplicate directory "/usr/bin/linux_x86_64/bin/../lib/gcc/../../lib/gcc/riscv64-unknown-elf/10.4.0/../../../../riscv64-unknown-elf/include"
ignoring duplicate directory "/usr/bin/linux_x86_64/bin/../riscv64-unknown-elf/include"
#include "..." search starts here:
#include <...> search starts here:
 /usr/bin/linux_x86_64/bin/../lib/gcc/riscv64-unknown-elf/10.4.0/../../../../riscv64-unknown-elf/include/c++/10.4.0
 /usr/bin/linux_x86_64/bin/../lib/gcc/riscv64-unknown-elf/10.4.0/../../../../riscv64-unknown-elf/include/c++/10.4.0/riscv64-unknown-elf/.
 /usr/bin/linux_x86_64/bin/../lib/gcc/riscv64-unknown-elf/10.4.0/../../../../riscv64-unknown-elf/include/c++/10.4.0/backward
 /usr/bin/linux_x86_64/bin/../lib/gcc/riscv64-unknown-elf/10.4.0/include
 /usr/bin/linux_x86_64/bin/../lib/gcc/riscv64-unknown-elf/10.4.0/include-fixed
 /usr/bin/linux_x86_64/bin/../lib/gcc/riscv64-unknown-elf/10.4.0/../../../../riscv64-unknown-elf/include
End of search list.
GNU C++14 (GCC) version 10.4.0 (riscv64-unknown-elf)
	compiled by GNU C version 9.4.0, GMP version 6.2.0, MPFR version 4.0.2, MPC version 1.1.0, isl version none
GGC heuristics: --param ggc-min-expand=100 --param ggc-min-heapsize=131072
Compiler executable checksum: 5b9c9cac36f6b283e3b396e6d7c88c06
COLLECT_GCC_OPTIONS='-v' '-o' 'CMakeFiles/cmTC_d1873.dir/CMakeCXXCompilerABI.cpp.o' '-c' '-march=rv64imafdc' '-mabi=lp64d' '-march=rv64imafdc'
 /usr/bin/linux_x86_64/bin/../lib/gcc/riscv64-unknown-elf/10.4.0/../../../../riscv64-unknown-elf/bin/as -v --traditional-format -march=rv64imafdc -march=rv64imafdc -mabi=lp64d -o CMakeFiles/cmTC_d1873.dir/CMakeCXXCompilerABI.cpp.o /tmp/ccZcDO21.s
GNU assembler version 2.35 (riscv64-unknown-elf) using BFD version (GNU Binutils) 2.35
COMPILER_PATH=/usr/bin/linux_x86_64/bin/../libexec/gcc/riscv64-unknown-elf/10.4.0/:/usr/bin/linux_x86_64/bin/../libexec/gcc/:/usr/bin/linux_x86_64/bin/../lib/gcc/riscv64-unknown-elf/10.4.0/../../../../riscv64-unknown-elf/bin/
LIBRARY_PATH=/usr/bin/linux_x86_64/bin/../lib/gcc/riscv64-unknown-elf/10.4.0/:/usr/bin/linux_x86_64/bin/../lib/gcc/:/usr/bin/linux_x86_64/bin/../lib/gcc/riscv64-unknown-elf/10.4.0/../../../../riscv64-unknown-elf/lib/:/usr/bin/linux_x86_64/bin/../riscv64-unknown-elf/lib/
COLLECT_GCC_OPTIONS='-v' '-o' 'CMakeFiles/cmTC_d1873.dir/CMakeCXXCompilerABI.cpp.o' '-c' '-march=rv64imafdc' '-mabi=lp64d' '-march=rv64imafdc'
Linking CXX executable cmTC_d1873
/home/durga/QCCSDK-QCC74x/tools/cmake/bin/cmake -E cmake_link_script CMakeFiles/cmTC_d1873.dir/link.txt --verbose=1
/usr/bin/linux_x86_64/bin/riscv64-unknown-elf-g++  -v CMakeFiles/cmTC_d1873.dir/CMakeCXXCompilerABI.cpp.o -o cmTC_d1873 
Using built-in specs.
COLLECT_GCC=/usr/bin/linux_x86_64/bin/riscv64-unknown-elf-g++
COLLECT_LTO_WRAPPER=/usr/bin/linux_x86_64/bin/../libexec/gcc/riscv64-unknown-elf/10.4.0/lto-wrapper
Target: riscv64-unknown-elf
Configured with: /local/mnt/workspace/balaband/Projects/QC/open_toolchain/xuantie-gnu-toolchain/riscv-gcc/configure --target=riscv64-unknown-elf CXXFLAGS='-g -O2 ' --disable-libgcctf --prefix=/opt/riscv --disable-shared --enable-threads=posix --enable-languages=c,c++ --with-system-zlib --enable-tls --with-newlib --with-sysroot=/opt/riscv/riscv64-unknown-elf --with-native-system-header-dir=/include --disable-libmudflap --disable-libssp --disable-libquadmath --disable-libgomp --disable-nls --disable-tm-clone-registry --src=.././riscv-gcc --enable-multilib --with-abi=lp64d --with-arch=rv64imafdc 'CFLAGS_FOR_TARGET=-Os   -mcmodel=medlow' 'CXXFLAGS_FOR_TARGET=-Os   -mcmodel=medlow'
Thread model: posix
Supported LTO compression algorithms: zlib
gcc version 10.4.0 (GCC) 
COMPILER_PATH=/usr/bin/linux_x86_64/bin/../libexec/gcc/riscv64-unknown-elf/10.4.0/:/usr/bin/linux_x86_64/bin/../libexec/gcc/:/usr/bin/linux_x86_64/bin/../lib/gcc/riscv64-unknown-elf/10.4.0/../../../../riscv64-unknown-elf/bin/
LIBRARY_PATH=/usr/bin/linux_x86_64/bin/../lib/gcc/riscv64-unknown-elf/10.4.0/:/usr/bin/linux_x86_64/bin/../lib/gcc/:/usr/bin/linux_x86_64/bin/../lib/gcc/riscv64-unknown-elf/10.4.0/../../../../riscv64-unknown-elf/lib/:/usr/bin/linux_x86_64/bin/../riscv64-unknown-elf/lib/
COLLECT_GCC_OPTIONS='-v' '-o' 'cmTC_d1873' '-march=rv64imafdc' '-mabi=lp64d' '-march=rv64imafdc'
 /usr/bin/linux_x86_64/bin/../libexec/gcc/riscv64-unknown-elf/10.4.0/collect2 -plugin /usr/bin/linux_x86_64/bin/../libexec/gcc/riscv64-unknown-elf/10.4.0/liblto_plugin.so -plugin-opt=/usr/bin/linux_x86_64/bin/../libexec/gcc/riscv64-unknown-elf/10.4.0/lto-wrapper -plugin-opt=-fresolution=/tmp/ccueAhpr.res -plugin-opt=-pass-through=-lgcc -plugin-opt=-pass-through=-lc -plugin-opt=-pass-through=-lgloss -plugin-opt=-pass-through=-lgcc --sysroot=/usr/bin/linux_x86_64/bin/../riscv64-unknown-elf -melf64lriscv -o cmTC_d1873 /usr/bin/linux_x86_64/bin/../lib/gcc/riscv64-unknown-elf/10.4.0/../../../../riscv64-unknown-elf/lib/crt0.o /usr/bin/linux_x86_64/bin/../lib/gcc/riscv64-unknown-elf/10.4.0/crtbegin.o -L/usr/bin/linux_x86_64/bin/../lib/gcc/riscv64-unknown-elf/10.4.0 -L/usr/bin/linux_x86_64/bin/../lib/gcc -L/usr/bin/linux_x86_64/bin/../lib/gcc/riscv64-unknown-elf/10.4.0/../../../../riscv64-unknown-elf/lib -L/usr/bin/linux_x86_64/bin/../riscv64-unknown-elf/lib CMakeFiles/cmTC_d1873.dir/CMakeCXXCompilerABI.cpp.o -lstdc++ -lm -lgcc --start-group -lc -lgloss --end-group -lgcc /usr/bin/linux_x86_64/bin/../lib/gcc/riscv64-unknown-elf/10.4.0/crtend.o
COLLECT_GCC_OPTIONS='-v' '-o' 'cmTC_d1873' '-march=rv64imafdc' '-mabi=lp64d' '-march=rv64imafdc'
make[2]: Leaving directory '/home/durga/QCCSDK-QCC74x/examples/peripherals/adc/aqi_rtc_dht11/build/CMakeFiles/CMakeScratch/TryCompile-HSFFe3'
make[1]: Leaving directory '/home/durga/QCCSDK-QCC74x/examples/peripherals/adc/aqi_rtc_dht11/build/CMakeFiles/CMakeScratch/TryCompile-HSFFe3'



Parsed CXX implicit include dir info from above output: rv=done
  found start of include info
  found start of implicit include info
    add: [/usr/bin/linux_x86_64/bin/../lib/gcc/riscv64-unknown-elf/10.4.0/../../../../riscv64-unknown-elf/include/c++/10.4.0]
    add: [/usr/bin/linux_x86_64/bin/../lib/gcc/riscv64-unknown-elf/10.4.0/../../../../riscv64-unknown-elf/include/c++/10.4.0/riscv64-unknown-elf/.]
    add: [/usr/bin/linux_x86_64/bin/../lib/gcc/riscv64-unknown-elf/10.4.0/../../../../riscv64-unknown-elf/include/c++/10.4.0/backward]
    add: [/usr/bin/linux_x86_64/bin/../lib/gcc/riscv64-unknown-elf/10.4.0/include]
    add: [/usr/bin/linux_x86_64/bin/../lib/gcc/riscv64-unknown-elf/10.4.0/include-fixed]
    add: [/usr/bin/linux_x86_64/bin/../lib/gcc/riscv64-unknown-elf/10.4.0/../../../../riscv64-unknown-elf/include]
  end of search list found
  collapse include dir [/usr/bin/linux_x86_64/bin/../lib/gcc/riscv64-unknown-elf/10.4.0/../../../../riscv64-unknown-elf/include/c++/10.4.0] ==> [/usr/bin/linux_x86_64/riscv64-unknown-elf/include/c++/10.4.0]
  collapse include dir [/usr/bin/linux_x86_64/bin/../lib/gcc/riscv64-unknown-elf/10.4.0/../../../../riscv64-unknown-elf/include/c++/10.4.0/riscv64-unknown-elf/.] ==> [/usr/bin/linux_x86_64/riscv64-unknown-elf/include/c++/10.4.0/riscv64-unknown-elf]
  collapse include dir [/usr/bin/linux_x86_64/bin/../lib/gcc/riscv64-unknown-elf/10.4.0/../../../../riscv64-unknown-elf/include/c++/10.4.0/backward] ==> [/usr/bin/linux_x86_64/riscv64-unknown-elf/include/c++/10.4.0/backward]
  collapse include dir [/usr/bin/linux_x86_64/bin/../lib/gcc/riscv64-unknown-elf/10.4.0/include] ==> [/usr/bin/linux_x86_64/lib/gcc/riscv64-unknown-elf/10.4.0/include]
  collapse include dir [/usr/bin/linux_x86_64/bin/../lib/gcc/riscv64-unknown-elf/10.4.0/include-fixed] ==> [/usr/bin/linux_x86_64/lib/gcc/riscv64-unknown-elf/10.4.0/include-fixed]
  collapse include dir [/usr/bin/linux_x86_64/bin/../lib/gcc/riscv64-unknown-elf/10.4.0/../../../../riscv64-unknown-elf/include] ==> [/usr/bin/linux_x86_64/riscv64-unknown-elf/include]
  implicit include dirs: [/usr/bin/linux_x86_64/riscv64-unknown-elf/include/c++/10.4.0;/usr/bin/linux_x86_64/riscv64-unknown-elf/include/c++/10.4.0/riscv64-unknown-elf;/usr/bin/linux_x86_64/riscv64-unknown-elf/include/c++/10.4.0/backward;/usr/bin/linux_x86_64/lib/gcc/riscv64-unknown-elf/10.4.0/include;/usr/bin/linux_x86_64/lib/gcc/riscv64-unknown-elf/10.4.0/include-fixed;/usr/bin/linux_x86_64/riscv64-unknown-elf/include]


Parsed CXX implicit link information from above output:
  link line regex: [^( *|.*[/\])(riscv64-unknown-elf-ld|CMAKE_LINK_STARTFILE-NOTFOUND|([^/\]+-)?ld|collect2)[^/\]*( |$)]
  ignore line: [Change Dir: /home/durga/QCCSDK-QCC74x/examples/peripherals/adc/aqi_rtc_dht11/build/CMakeFiles/CMakeScratch/TryCompile-HSFFe3]
  ignore line: []
  ignore line: [Run Build Command(s):/usr/bin/make -f Makefile cmTC_d1873/fast && make[1]: Entering directory '/home/durga/QCCSDK-QCC74x/examples/peripherals/adc/aqi_rtc_dht11/build/CMakeFiles/CMakeScratch/TryCompile-HSFFe3']
  ignore line: [/usr/bin/make  -f CMakeFiles/cmTC_d1873.dir/build.make CMakeFiles/cmTC_d1873.dir/build]
  ignore line: [make[2]: Entering directory '/home/durga/QCCSDK-QCC74x/examples/peripherals/adc/aqi_rtc_dht11/build/CMakeFiles/CMakeScratch/TryCompile-HSFFe3']
  ignore line: [Building CXX object CMakeFiles/cmTC_d1873.dir/CMakeCXXCompilerABI.cpp.o]
  ignore line: [/usr/bin/linux_x86_64/bin/riscv64-unknown-elf-g++   -v -o CMakeFiles/cmTC_d1873.dir/CMakeCXXCompilerABI.cpp.o -c /home/durga/QCCSDK-QCC74x/tools/cmake/share/cmake-3.25/Modules/CMakeCXXCompilerABI.cpp]
  ignore line: [Using built-in specs.]
  ignore line: [COLLECT_GCC=/usr/bin/linux_x86_64/bin/riscv64-unknown-elf-g++]
  ignore line: [Target: riscv64-unknown-elf]
  ignore line: [Configured with: /local/mnt/workspace/balaband/Projects/QC/open_toolchain/xuantie-gnu-toolchain/riscv-gcc/configure --target=riscv64-unknown-elf CXXFLAGS='-g -O2 ' --disable-libgcctf --prefix=/opt/riscv --disable-shared --enable-threads=posix --enable-languages=c c++ --with-system-zlib --enable-tls --with-newlib --with-sysroot=/opt/riscv/riscv64-unknown-elf --with-native-system-header-dir=/include --disable-libmudflap --disable-libssp --disable-libquadmath --disable-libgomp --disable-nls --disable-tm-clone-registry --src=.././riscv-gcc --enable-multilib --with-abi=lp64d --with-arch=rv64imafdc 'CFLAGS_FOR_TARGET=-Os   -mcmodel=medlow' 'CXXFLAGS_FOR_TARGET=-Os   -mcmodel=medlow']
  ignore line: [Thread model: posix]
  ignore line: [Supported LTO compression algorithms: zlib]
  ignore line: [gcc version 10.4.0 (GCC) ]
  ignore line: [COLLECT_GCC_OPTIONS='-v' '-o' 'CMakeFiles/cmTC_d1873.dir/CMakeCXXCompilerABI.cpp.o' '-c' '-march=rv64imafdc' '-mabi=lp64d' '-march=rv64imafdc']
  ignore line: [ /usr/bin/linux_x86_64/bin/../libexec/gcc/riscv64-unknown-elf/10.4.0/cc1plus -quiet -v -imultilib . -iprefix /usr/bin/linux_x86_64/bin/../lib/gcc/riscv64-unknown-elf/10.4.0/ -isysroot /usr/bin/linux_x86_64/bin/../riscv64-unknown-elf /home/durga/QCCSDK-QCC74x/tools/cmake/share/cmake-3.25/Modules/CMakeCXXCompilerABI.cpp -quiet -dumpbase CMakeCXXCompilerABI.cpp -march=rv64imafdc -mabi=lp64d -march=rv64imafdc -auxbase-strip CMakeFiles/cmTC_d1873.dir/CMakeCXXCompilerABI.cpp.o -version -o /tmp/ccZcDO21.s]
  ignore line: [GNU C++14 (GCC) version 10.4.0 (riscv64-unknown-elf)]
  ignore line: [	compiled by GNU C version 9.4.0  GMP version 6.2.0  MPFR version 4.0.2  MPC version 1.1.0  isl version none]
  ignore line: [GGC heuristics: --param ggc-min-expand=100 --param ggc-min-heapsize=131072]
  ignore line: [ignoring duplicate directory "/usr/bin/linux_x86_64/bin/../lib/gcc/../../lib/gcc/riscv64-unknown-elf/10.4.0/../../../../riscv64-unknown-elf/include/c++/10.4.0"]
  ignore line: [ignoring duplicate directory "/usr/bin/linux_x86_64/bin/../lib/gcc/../../lib/gcc/riscv64-unknown-elf/10.4.0/../../../../riscv64-unknown-elf/include/c++/10.4.0/riscv64-unknown-elf/."]
  ignore line: [ignoring duplicate directory "/usr/bin/linux_x86_64/bin/../lib/gcc/../../lib/gcc/riscv64-unknown-elf/10.4.0/../../../../riscv64-unknown-elf/include/c++/10.4.0/backward"]
  ignore line: [ignoring duplicate directory "/usr/bin/linux_x86_64/bin/../lib/gcc/../../lib/gcc/riscv64-unknown-elf/10.4.0/include"]
  ignore line: [ignoring nonexistent directory "/usr/bin/linux_x86_64/bin/../riscv64-unknown-elf/usr/local/include"]
  ignore line: [ignoring duplicate directory "/usr/bin/linux_x86_64/bin/../lib/gcc/../../lib/gcc/riscv64-unknown-elf/10.4.0/include-fixed"]
  ignore line: [ignoring duplicate directory "/usr/bin/linux_x86_64/bin/../lib/gcc/../../lib/gcc/riscv64-unknown-elf/10.4.0/../../../../riscv64-unknown-elf/include"]
  ignore line: [ignoring duplicate directory "/usr/bin/linux_x86_64/bin/../riscv64-unknown-elf/include"]
  ignore line: [#include "..." search starts here:]
  ignore line: [#include <...> search starts here:]
  ignore line: [ /usr/bin/linux_x86_64/bin/../lib/gcc/riscv64-unknown-elf/10.4.0/../../../../riscv64-unknown-elf/include/c++/10.4.0]
  ignore line: [ /usr/bin/linux_x86_64/bin/../lib/gcc/riscv64-unknown-elf/10.4.0/../../../../riscv64-unknown-elf/include/c++/10.4.0/riscv64-unknown-elf/.]
  ignore line: [ /usr/bin/linux_x86_64/bin/../lib/gcc/riscv64-unknown-elf/10.4.0/../../../../riscv64-unknown-elf/include/c++/10.4.0/backward]
  ignore line: [ /usr/bin/linux_x86_64/bin/../lib/gcc/riscv64-unknown-elf/10.4.0/include]
  ignore line: [ /usr/bin/linux_x86_64/bin/../lib/gcc/riscv64-unknown-elf/10.4.0/include-fixed]
  ignore line: [ /usr/bin/linux_x86_64/bin/../lib/gcc/riscv64-unknown-elf/10.4.0/../../../../riscv64-unknown-elf/include]
  ignore line: [End of search list.]
  ignore line: [GNU C++14 (GCC) version 10.4.0 (riscv64-unknown-elf)]
  ignore line: [	compiled by GNU C version 9.4.0  GMP version 6.2.0  MPFR version 4.0.2  MPC version 1.1.0  isl version none]
  ignore line: [GGC heuristics: --param ggc-min-expand=100 --param ggc-min-heapsize=131072]
  ignore line: [Compiler executable checksum: 5b9c9cac36f6b283e3b396e6d7c88c06]
  ignore line: [COLLECT_GCC_OPTIONS='-v' '-o' 'CMakeFiles/cmTC_d1873.dir/CMakeCXXCompilerABI.cpp.o' '-c' '-march=rv64imafdc' '-mabi=lp64d' '-march=rv64imafdc']
  ignore line: [ /usr/bin/linux_x86_64/bin/../lib/gcc/riscv64-unknown-elf/10.4.0/../../../../riscv64-unknown-elf/bin/as -v --traditional-format -march=rv64imafdc -march=rv64imafdc -mabi=lp64d -o CMakeFiles/cmTC_d1873.dir/CMakeCXXCompilerABI.cpp.o /tmp/ccZcDO21.s]
  ignore line: [GNU assembler version 2.35 (riscv64-unknown-elf) using BFD version (GNU Binutils) 2.35]
  ignore line: [COMPILER_PATH=/usr/bin/linux_x86_64/bin/../libexec/gcc/riscv64-unknown-elf/10.4.0/:/usr/bin/linux_x86_64/bin/../libexec/gcc/:/usr/bin/linux_x86_64/bin/../lib/gcc/riscv64-unknown-elf/10.4.0/../../../../riscv64-unknown-elf/bin/]
  ignore line: [LIBRARY_PATH=/usr/bin/linux_x86_64/bin/../lib/gcc/riscv64-unknown-elf/10.4.0/:/usr/bin/linux_x86_64/bin/../lib/gcc/:/usr/bin/linux_x86_64/bin/../lib/gcc/riscv64-unknown-elf/10.4.0/../../../../riscv64-unknown-elf/lib/:/usr/bin/linux_x86_64/bin/../riscv64-unknown-elf/lib/]
  ignore line: [COLLECT_GCC_OPTIONS='-v' '-o' 'CMakeFiles/cmTC_d1873.dir/CMakeCXXCompilerABI.cpp.o' '-c' '-march=rv64imafdc' '-mabi=lp64d' '-march=rv64imafdc']
  ignore line: [Linking CXX executable cmTC_d1873]
  ignore line: [/home/durga/QCCSDK-QCC74x/tools/cmake/bin/cmake -E cmake_link_script CMakeFiles/cmTC_d1873.dir/link.txt --verbose=1]
  ignore line: [/usr/bin/linux_x86_64/bin/riscv64-unknown-elf-g++  -v CMakeFiles/cmTC_d1873.dir/CMakeCXXCompilerABI.cpp.o -o cmTC_d1873 ]
  ignore line: [Using built-in specs.]
  ignore line: [COLLECT_GCC=/usr/bin/linux_x86_64/bin/riscv64-unknown-elf-g++]
  ignore line: [COLLECT_LTO_WRAPPER=/usr/bin/linux_x86_64/bin/../libexec/gcc/riscv64-unknown-elf/10.4.0/lto-wrapper]
  ignore line: [Target: riscv64-unknown-elf]
  ignore line: [Configured with: /local/mnt/workspace/balaband/Projects/QC/open_toolchain/xuantie-gnu-toolchain/riscv-gcc/configure --target=riscv64-unknown-elf CXXFLAGS='-g -O2 ' --disable-libgcctf --prefix=/opt/riscv --disable-shared --enable-threads=posix --enable-languages=c c++ --with-system-zlib --enable-tls --with-newlib --with-sysroot=/opt/riscv/riscv64-unknown-elf --with-native-system-header-dir=/include --disable-libmudflap --disable-libssp --disable-libquadmath --disable-libgomp --disable-nls --disable-tm-clone-registry --src=.././riscv-gcc --enable-multilib --with-abi=lp64d --with-arch=rv64imafdc 'CFLAGS_FOR_TARGET=-Os   -mcmodel=medlow' 'CXXFLAGS_FOR_TARGET=-Os   -mcmodel=medlow']
  ignore line: [Thread model: posix]
  ignore line: [Supported LTO compression algorithms: zlib]
  ignore line: [gcc version 10.4.0 (GCC) ]
  ignore line: [COMPILER_PATH=/usr/bin/linux_x86_64/bin/../libexec/gcc/riscv64-unknown-elf/10.4.0/:/usr/bin/linux_x86_64/bin/../libexec/gcc/:/usr/bin/linux_x86_64/bin/../lib/gcc/riscv64-unknown-elf/10.4.0/../../../../riscv64-unknown-elf/bin/]
  ignore line: [LIBRARY_PATH=/usr/bin/linux_x86_64/bin/../lib/gcc/riscv64-unknown-elf/10.4.0/:/usr/bin/linux_x86_64/bin/../lib/gcc/:/usr/bin/linux_x86_64/bin/../lib/gcc/riscv64-unknown-elf/10.4.0/../../../../riscv64-unknown-elf/lib/:/usr/bin/linux_x86_64/bin/../riscv64-unknown-elf/lib/]
  ignore line: [COLLECT_GCC_OPTIONS='-v' '-o' 'cmTC_d1873' '-march=rv64imafdc' '-mabi=lp64d' '-march=rv64imafdc']
  link line: [ /usr/bin/linux_x86_64/bin/../libexec/gcc/riscv64-unknown-elf/10.4.0/collect2 -plugin /usr/bin/linux_x86_64/bin/../libexec/gcc/riscv64-unknown-elf/10.4.0/liblto_plugin.so -plugin-opt=/usr/bin/linux_x86_64/bin/../libexec/gcc/riscv64-unknown-elf/10.4.0/lto-wrapper -plugin-opt=-fresolution=/tmp/ccueAhpr.res -plugin-opt=-pass-through=-lgcc -plugin-opt=-pass-through=-lc -plugin-opt=-pass-through=-lgloss -plugin-opt=-pass-through=-lgcc --sysroot=/usr/bin/linux_x86_64/bin/../riscv64-unknown-elf -melf64lriscv -o cmTC_d1873 /usr/bin/linux_x86_64/bin/../lib/gcc/riscv64-unknown-elf/10.4.0/../../../../riscv64-unknown-elf/lib/crt0.o /usr/bin/linux_x86_64/bin/../lib/gcc/riscv64-unknown-elf/10.4.0/crtbegin.o -L/usr/bin/linux_x86_64/bin/../lib/gcc/riscv64-unknown-elf/10.4.0 -L/usr/bin/linux_x86_64/bin/../lib/gcc -L/usr/bin/linux_x86_64/bin/../lib/gcc/riscv64-unknown-elf/10.4.0/../../../../riscv64-unknown-elf/lib -L/usr/bin/linux_x86_64/bin/../riscv64-unknown-elf/lib CMakeFiles/cmTC_d1873.dir/CMakeCXXCompilerABI.cpp.o -lstdc++ -lm -lgcc --start-group -lc -lgloss --end-group -lgcc /usr/bin/linux_x86_64/bin/../lib/gcc/riscv64-unknown-elf/10.4.0/crtend.o]
    arg [/usr/bin/linux_x86_64/bin/../libexec/gcc/riscv64-unknown-elf/10.4.0/collect2] ==> ignore
    arg [-plugin] ==> ignore
    arg [/usr/bin/linux_x86_64/bin/../libexec/gcc/riscv64-unknown-elf/10.4.0/liblto_plugin.so] ==> ignore
    arg [-plugin-opt=/usr/bin/linux_x86_64/bin/../libexec/gcc/riscv64-unknown-elf/10.4.0/lto-wrapper] ==> ignore
    arg [-plugin-opt=-fresolution=/tmp/ccueAhpr.res] ==> ignore
    arg [-plugin-opt=-pass-through=-lgcc] ==> ignore
    arg [-plugin-opt=-pass-through=-lc] ==> ignore
    arg [-plugin-opt=-pass-through=-lgloss] ==> ignore
    arg [-plugin-opt=-pass-through=-lgcc] ==> ignore
    arg [--sysroot=/usr/bin/linux_x86_64/bin/../riscv64-unknown-elf] ==> ignore
    arg [-melf64lriscv] ==> ignore
    arg [-o] ==> ignore
    arg [cmTC_d1873] ==> ignore
    arg [/usr/bin/linux_x86_64/bin/../lib/gcc/riscv64-unknown-elf/10.4.0/../../../../riscv64-unknown-elf/lib/crt0.o] ==> obj [/usr/bin/linux_x86_64/bin/../lib/gcc/riscv64-unknown-elf/10.4.0/../../../../riscv64-unknown-elf/lib/crt0.o]
    arg [/usr/bin/linux_x86_64/bin/../lib/gcc/riscv64-unknown-elf/10.4.0/crtbegin.o] ==> obj [/usr/bin/linux_x86_64/bin/../lib/gcc/riscv64-unknown-elf/10.4.0/crtbegin.o]
    arg [-L/usr/bin/linux_x86_64/bin/../lib/gcc/riscv64-unknown-elf/10.4.0] ==> dir [/usr/bin/linux_x86_64/bin/../lib/gcc/riscv64-unknown-elf/10.4.0]
    arg [-L/usr/bin/linux_x86_64/bin/../lib/gcc] ==> dir [/usr/bin/linux_x86_64/bin/../lib/gcc]
    arg [-L/usr/bin/linux_x86_64/bin/../lib/gcc/riscv64-unknown-elf/10.4.0/../../../../riscv64-unknown-elf/lib] ==> dir [/usr/bin/linux_x86_64/bin/../lib/gcc/riscv64-unknown-elf/10.4.0/../../../../riscv64-unknown-elf/lib]
    arg [-L/usr/bin/linux_x86_64/bin/../riscv64-unknown-elf/lib] ==> dir [/usr/bin/linux_x86_64/bin/../riscv64-unknown-elf/lib]
    arg [CMakeFiles/cmTC_d1873.dir/CMakeCXXCompilerABI.cpp.o] ==> ignore
    arg [-lstdc++] ==> lib [stdc++]
    arg [-lm] ==> lib [m]
    arg [-lgcc] ==> lib [gcc]
    arg [--start-group] ==> ignore
    arg [-lc] ==> lib [c]
    arg [-lgloss] ==> lib [gloss]
    arg [--end-group] ==> ignore
    arg [-lgcc] ==> lib [gcc]
    arg [/usr/bin/linux_x86_64/bin/../lib/gcc/riscv64-unknown-elf/10.4.0/crtend.o] ==> obj [/usr/bin/linux_x86_64/bin/../lib/gcc/riscv64-unknown-elf/10.4.0/crtend.o]
  collapse obj [/usr/bin/linux_x86_64/bin/../lib/gcc/riscv64-unknown-elf/10.4.0/../../../../riscv64-unknown-elf/lib/crt0.o] ==> [/usr/bin/linux_x86_64/riscv64-unknown-elf/lib/crt0.o]
  collapse obj [/usr/bin/linux_x86_64/bin/../lib/gcc/riscv64-unknown-elf/10.4.0/crtbegin.o] ==> [/usr/bin/linux_x86_64/lib/gcc/riscv64-unknown-elf/10.4.0/crtbegin.o]
  collapse obj [/usr/bin/linux_x86_64/bin/../lib/gcc/riscv64-unknown-elf/10.4.0/crtend.o] ==> [/usr/bin/linux_x86_64/lib/gcc/riscv64-unknown-elf/10.4.0/crtend.o]
  collapse library dir [/usr/bin/linux_x86_64/bin/../lib/gcc/riscv64-unknown-elf/10.4.0] ==> [/usr/bin/linux_x86_64/lib/gcc/riscv64-unknown-elf/10.4.0]
  collapse library dir [/usr/bin/linux_x86_64/bin/../lib/gcc] ==> [/usr/bin/linux_x86_64/lib/gcc]
  collapse library dir [/usr/bin/linux_x86_64/bin/../lib/gcc/riscv64-unknown-elf/10.4.0/../../../../riscv64-unknown-elf/lib] ==> [/usr/bin/linux_x86_64/riscv64-unknown-elf/lib]
  collapse library dir [/usr/bin/linux_x86_64/bin/../riscv64-unknown-elf/lib] ==> [/usr/bin/linux_x86_64/riscv64-unknown-elf/lib]
  implicit libs: [stdc++;m;gcc;c;gloss;gcc]
  implicit objs: [/usr/bin/linux_x86_64/riscv64-unknown-elf/lib/crt0.o;/usr/bin/linux_x86_64/lib/gcc/riscv64-unknown-elf/10.4.0/crtbegin.o;/usr/bin/linux_x86_64/lib/gcc/riscv64-unknown-elf/10.4.0/crtend.o]
  implicit dirs: [/usr/bin/linux_x86_64/lib/gcc/riscv64-unknown-elf/10.4.0;/usr/bin/linux_x86_64/lib/gcc;/usr/bin/linux_x86_64/riscv64-unknown-elf/lib]
  implicit fwks: []


